
2024-02-26_09:39:19.643143658: ==================================================
2024-02-26_09:39:19.643201255: INFO: Starting dwm
2024-02-26_09:39:19.644829776: INFO: Checking if other window manager is running
2024-02-26_09:39:31.156669956: ==================================================
2024-02-26_09:39:31.156753484: INFO: Starting dwm
2024-02-26_09:39:31.158176926: INFO: Checking if other window manager is running
2024-02-26_09:52:53.639469360: ==================================================
2024-02-26_09:52:53.639537315: INFO: Starting dwm
2024-02-26_09:52:53.641928342: INFO: Checking if other window manager is running
2024-02-26_09:52:59.647069419: ==================================================
2024-02-26_09:52:59.647188320: INFO: Starting dwm
2024-02-26_09:52:59.649478506: INFO: Checking if other window manager is running
2024-02-26_09:52:59.649599210: INFO: Initializing event handlers
2024-02-26_09:57:03.665230048: ==================================================
2024-02-26_09:57:03.665321384: INFO: Starting dwm
2024-02-26_09:57:03.667178854: INFO: Checking if other window manager is running
2024-02-26_09:57:03.667295695: INFO: Initializing event handlers
2024-02-26_09:57:03.667318284: INFO: Initializing event handlers
2024-02-26_09:57:03.667340693: INFO: Loading XResources
2024-02-26_09:57:03.667763194: WARNING: RESOURCE_MANAGER property not found (XResourceManagerString)
2024-02-26_10:01:29.959390084: ==================================================
2024-02-26_10:01:29.959520559: INFO: Starting dwm
